[2018-05-05T11:02:36.392] [INFO] default - { Error: listen EADDRINUSE :::8100
    at Server.setupListenHandle [as _listen2] (net.js:1330:14)
    at listenInCluster (net.js:1378:12)
    at Server.listen (net.js:1466:7)
    at Object.<anonymous> (/Users/necis/Learning/pk-server/modules/listen.js:28:21)
    at Module._compile (internal/modules/cjs/loader.js:678:30)
    at Object.Module._extensions..js (internal/modules/cjs/loader.js:689:10)
    at Module.load (internal/modules/cjs/loader.js:589:32)
    at tryModuleLoad (internal/modules/cjs/loader.js:528:12)
    at Function.Module._load (internal/modules/cjs/loader.js:520:3)
    at Module.require (internal/modules/cjs/loader.js:626:17)
  errno: 'EADDRINUSE',
  code: 'EADDRINUSE',
  syscall: 'listen',
  address: '::',
  port: 8100 }
[2018-05-05T11:02:36.398] [INFO] default - Error: listen EADDRINUSE :::8100
    at Server.setupListenHandle [as _listen2] (net.js:1330:14)
    at listenInCluster (net.js:1378:12)
    at Server.listen (net.js:1466:7)
    at Object.<anonymous> (/Users/necis/Learning/pk-server/modules/listen.js:28:21)
    at Module._compile (internal/modules/cjs/loader.js:678:30)
    at Object.Module._extensions..js (internal/modules/cjs/loader.js:689:10)
    at Module.load (internal/modules/cjs/loader.js:589:32)
    at tryModuleLoad (internal/modules/cjs/loader.js:528:12)
    at Function.Module._load (internal/modules/cjs/loader.js:520:3)
    at Module.require (internal/modules/cjs/loader.js:626:17)
[2018-05-05T11:02:36.399] [INFO] default - { Error: listen EADDRINUSE :::8100
    at Server.setupListenHandle [as _listen2] (net.js:1330:14)
    at listenInCluster (net.js:1378:12)
    at Server.listen (net.js:1466:7)
    at new WebSocketServer (/Users/necis/Learning/pk-server/node_modules/ws/lib/websocket-server.js:68:20)
    at Object.<anonymous> (/Users/necis/Learning/pk-server/modules/listen.js:34:8)
    at Module._compile (internal/modules/cjs/loader.js:678:30)
    at Object.Module._extensions..js (internal/modules/cjs/loader.js:689:10)
    at Module.load (internal/modules/cjs/loader.js:589:32)
    at tryModuleLoad (internal/modules/cjs/loader.js:528:12)
    at Function.Module._load (internal/modules/cjs/loader.js:520:3)
  errno: 'EADDRINUSE',
  code: 'EADDRINUSE',
  syscall: 'listen',
  address: '::',
  port: 8100 }
[2018-05-05T11:02:36.400] [INFO] default - Error: listen EADDRINUSE :::8100
    at Server.setupListenHandle [as _listen2] (net.js:1330:14)
    at listenInCluster (net.js:1378:12)
    at Server.listen (net.js:1466:7)
    at new WebSocketServer (/Users/necis/Learning/pk-server/node_modules/ws/lib/websocket-server.js:68:20)
    at Object.<anonymous> (/Users/necis/Learning/pk-server/modules/listen.js:34:8)
    at Module._compile (internal/modules/cjs/loader.js:678:30)
    at Object.Module._extensions..js (internal/modules/cjs/loader.js:689:10)
    at Module.load (internal/modules/cjs/loader.js:589:32)
    at tryModuleLoad (internal/modules/cjs/loader.js:528:12)
    at Function.Module._load (internal/modules/cjs/loader.js:520:3)
[2018-05-05T11:02:39.416] [INFO] default - { Error: listen EADDRINUSE :::8100
    at Server.setupListenHandle [as _listen2] (net.js:1330:14)
    at listenInCluster (net.js:1378:12)
    at Server.listen (net.js:1466:7)
    at Object.<anonymous> (/Users/necis/Learning/pk-server/modules/listen.js:28:21)
    at Module._compile (internal/modules/cjs/loader.js:678:30)
    at Object.Module._extensions..js (internal/modules/cjs/loader.js:689:10)
    at Module.load (internal/modules/cjs/loader.js:589:32)
    at tryModuleLoad (internal/modules/cjs/loader.js:528:12)
    at Function.Module._load (internal/modules/cjs/loader.js:520:3)
    at Module.require (internal/modules/cjs/loader.js:626:17)
  errno: 'EADDRINUSE',
  code: 'EADDRINUSE',
  syscall: 'listen',
  address: '::',
  port: 8100 }
[2018-05-05T11:02:39.422] [INFO] default - Error: listen EADDRINUSE :::8100
    at Server.setupListenHandle [as _listen2] (net.js:1330:14)
    at listenInCluster (net.js:1378:12)
    at Server.listen (net.js:1466:7)
    at Object.<anonymous> (/Users/necis/Learning/pk-server/modules/listen.js:28:21)
    at Module._compile (internal/modules/cjs/loader.js:678:30)
    at Object.Module._extensions..js (internal/modules/cjs/loader.js:689:10)
    at Module.load (internal/modules/cjs/loader.js:589:32)
    at tryModuleLoad (internal/modules/cjs/loader.js:528:12)
    at Function.Module._load (internal/modules/cjs/loader.js:520:3)
    at Module.require (internal/modules/cjs/loader.js:626:17)
[2018-05-05T11:02:39.423] [INFO] default - { Error: listen EADDRINUSE :::8100
    at Server.setupListenHandle [as _listen2] (net.js:1330:14)
    at listenInCluster (net.js:1378:12)
    at Server.listen (net.js:1466:7)
    at new WebSocketServer (/Users/necis/Learning/pk-server/node_modules/ws/lib/websocket-server.js:68:20)
    at Object.<anonymous> (/Users/necis/Learning/pk-server/modules/listen.js:34:8)
    at Module._compile (internal/modules/cjs/loader.js:678:30)
    at Object.Module._extensions..js (internal/modules/cjs/loader.js:689:10)
    at Module.load (internal/modules/cjs/loader.js:589:32)
    at tryModuleLoad (internal/modules/cjs/loader.js:528:12)
    at Function.Module._load (internal/modules/cjs/loader.js:520:3)
  errno: 'EADDRINUSE',
  code: 'EADDRINUSE',
  syscall: 'listen',
  address: '::',
  port: 8100 }
[2018-05-05T11:02:39.423] [INFO] default - Error: listen EADDRINUSE :::8100
    at Server.setupListenHandle [as _listen2] (net.js:1330:14)
    at listenInCluster (net.js:1378:12)
    at Server.listen (net.js:1466:7)
    at new WebSocketServer (/Users/necis/Learning/pk-server/node_modules/ws/lib/websocket-server.js:68:20)
    at Object.<anonymous> (/Users/necis/Learning/pk-server/modules/listen.js:34:8)
    at Module._compile (internal/modules/cjs/loader.js:678:30)
    at Object.Module._extensions..js (internal/modules/cjs/loader.js:689:10)
    at Module.load (internal/modules/cjs/loader.js:589:32)
    at tryModuleLoad (internal/modules/cjs/loader.js:528:12)
    at Function.Module._load (internal/modules/cjs/loader.js:520:3)
[2018-05-05T11:02:44.360] [INFO] default - TypeError: Cannot read property 'hasOwnProperty' of undefined
    at Object.add (/Users/necis/Learning/pk-server/modules/mq.js:20:13)
    at WebSocketServer.connection (/Users/necis/Learning/pk-server/app.js:21:8)
    at WebSocketServer.emit (events.js:187:15)
    at handleUpgrade (/Users/necis/Learning/pk-server/node_modules/ws/lib/websocket-server.js:79:18)
    at WebSocketServer.completeUpgrade (/Users/necis/Learning/pk-server/node_modules/ws/lib/websocket-server.js:293:5)
    at WebSocketServer.handleUpgrade (/Users/necis/Learning/pk-server/node_modules/ws/lib/websocket-server.js:218:10)
    at Server.upgrade (/Users/necis/Learning/pk-server/node_modules/ws/lib/websocket-server.js:78:16)
    at Server.emit (events.js:182:13)
    at onParserExecuteCommon (_http_server.js:534:14)
    at onParserExecute (_http_server.js:481:3)
[2018-05-05T11:02:44.361] [INFO] default - TypeError: Cannot read property 'hasOwnProperty' of undefined
    at Object.add (/Users/necis/Learning/pk-server/modules/mq.js:20:13)
    at WebSocketServer.connection (/Users/necis/Learning/pk-server/app.js:21:8)
    at WebSocketServer.emit (events.js:187:15)
    at handleUpgrade (/Users/necis/Learning/pk-server/node_modules/ws/lib/websocket-server.js:79:18)
    at WebSocketServer.completeUpgrade (/Users/necis/Learning/pk-server/node_modules/ws/lib/websocket-server.js:293:5)
    at WebSocketServer.handleUpgrade (/Users/necis/Learning/pk-server/node_modules/ws/lib/websocket-server.js:218:10)
    at Server.upgrade (/Users/necis/Learning/pk-server/node_modules/ws/lib/websocket-server.js:78:16)
    at Server.emit (events.js:182:13)
    at onParserExecuteCommon (_http_server.js:534:14)
    at onParserExecute (_http_server.js:481:3)
[2018-05-05T11:02:58.506] [INFO] default - { Error: listen EADDRINUSE :::8100
    at Server.setupListenHandle [as _listen2] (net.js:1330:14)
    at listenInCluster (net.js:1378:12)
    at Server.listen (net.js:1466:7)
    at Object.<anonymous> (/Users/necis/Learning/pk-server/modules/listen.js:28:21)
    at Module._compile (internal/modules/cjs/loader.js:678:30)
    at Object.Module._extensions..js (internal/modules/cjs/loader.js:689:10)
    at Module.load (internal/modules/cjs/loader.js:589:32)
    at tryModuleLoad (internal/modules/cjs/loader.js:528:12)
    at Function.Module._load (internal/modules/cjs/loader.js:520:3)
    at Module.require (internal/modules/cjs/loader.js:626:17)
  errno: 'EADDRINUSE',
  code: 'EADDRINUSE',
  syscall: 'listen',
  address: '::',
  port: 8100 }
[2018-05-05T11:02:58.513] [INFO] default - Error: listen EADDRINUSE :::8100
    at Server.setupListenHandle [as _listen2] (net.js:1330:14)
    at listenInCluster (net.js:1378:12)
    at Server.listen (net.js:1466:7)
    at Object.<anonymous> (/Users/necis/Learning/pk-server/modules/listen.js:28:21)
    at Module._compile (internal/modules/cjs/loader.js:678:30)
    at Object.Module._extensions..js (internal/modules/cjs/loader.js:689:10)
    at Module.load (internal/modules/cjs/loader.js:589:32)
    at tryModuleLoad (internal/modules/cjs/loader.js:528:12)
    at Function.Module._load (internal/modules/cjs/loader.js:520:3)
    at Module.require (internal/modules/cjs/loader.js:626:17)
[2018-05-05T11:02:58.514] [INFO] default - { Error: listen EADDRINUSE :::8100
    at Server.setupListenHandle [as _listen2] (net.js:1330:14)
    at listenInCluster (net.js:1378:12)
    at Server.listen (net.js:1466:7)
    at new WebSocketServer (/Users/necis/Learning/pk-server/node_modules/ws/lib/websocket-server.js:68:20)
    at Object.<anonymous> (/Users/necis/Learning/pk-server/modules/listen.js:34:8)
    at Module._compile (internal/modules/cjs/loader.js:678:30)
    at Object.Module._extensions..js (internal/modules/cjs/loader.js:689:10)
    at Module.load (internal/modules/cjs/loader.js:589:32)
    at tryModuleLoad (internal/modules/cjs/loader.js:528:12)
    at Function.Module._load (internal/modules/cjs/loader.js:520:3)
  errno: 'EADDRINUSE',
  code: 'EADDRINUSE',
  syscall: 'listen',
  address: '::',
  port: 8100 }
[2018-05-05T11:02:58.515] [INFO] default - Error: listen EADDRINUSE :::8100
    at Server.setupListenHandle [as _listen2] (net.js:1330:14)
    at listenInCluster (net.js:1378:12)
    at Server.listen (net.js:1466:7)
    at new WebSocketServer (/Users/necis/Learning/pk-server/node_modules/ws/lib/websocket-server.js:68:20)
    at Object.<anonymous> (/Users/necis/Learning/pk-server/modules/listen.js:34:8)
    at Module._compile (internal/modules/cjs/loader.js:678:30)
    at Object.Module._extensions..js (internal/modules/cjs/loader.js:689:10)
    at Module.load (internal/modules/cjs/loader.js:589:32)
    at tryModuleLoad (internal/modules/cjs/loader.js:528:12)
    at Function.Module._load (internal/modules/cjs/loader.js:520:3)
[2018-05-05T11:03:02.657] [INFO] default - TypeError: Cannot read property 'hasOwnProperty' of undefined
    at Object.add (/Users/necis/Learning/pk-server/modules/mq.js:20:13)
    at WebSocketServer.connection (/Users/necis/Learning/pk-server/app.js:21:8)
    at WebSocketServer.emit (events.js:187:15)
    at handleUpgrade (/Users/necis/Learning/pk-server/node_modules/ws/lib/websocket-server.js:79:18)
    at WebSocketServer.completeUpgrade (/Users/necis/Learning/pk-server/node_modules/ws/lib/websocket-server.js:293:5)
    at WebSocketServer.handleUpgrade (/Users/necis/Learning/pk-server/node_modules/ws/lib/websocket-server.js:218:10)
    at Server.upgrade (/Users/necis/Learning/pk-server/node_modules/ws/lib/websocket-server.js:78:16)
    at Server.emit (events.js:182:13)
    at onParserExecuteCommon (_http_server.js:534:14)
    at onParserExecute (_http_server.js:481:3)
[2018-05-05T11:03:02.658] [INFO] default - TypeError: Cannot read property 'hasOwnProperty' of undefined
    at Object.add (/Users/necis/Learning/pk-server/modules/mq.js:20:13)
    at WebSocketServer.connection (/Users/necis/Learning/pk-server/app.js:21:8)
    at WebSocketServer.emit (events.js:187:15)
    at handleUpgrade (/Users/necis/Learning/pk-server/node_modules/ws/lib/websocket-server.js:79:18)
    at WebSocketServer.completeUpgrade (/Users/necis/Learning/pk-server/node_modules/ws/lib/websocket-server.js:293:5)
    at WebSocketServer.handleUpgrade (/Users/necis/Learning/pk-server/node_modules/ws/lib/websocket-server.js:218:10)
    at Server.upgrade (/Users/necis/Learning/pk-server/node_modules/ws/lib/websocket-server.js:78:16)
    at Server.emit (events.js:182:13)
    at onParserExecuteCommon (_http_server.js:534:14)
    at onParserExecute (_http_server.js:481:3)
[2018-05-05T11:04:12.661] [INFO] default - { Error: listen EADDRINUSE :::8100
    at Server.setupListenHandle [as _listen2] (net.js:1330:14)
    at listenInCluster (net.js:1378:12)
    at Server.listen (net.js:1466:7)
    at Object.<anonymous> (/Users/necis/Learning/pk-server/modules/listen.js:28:21)
    at Module._compile (internal/modules/cjs/loader.js:678:30)
    at Object.Module._extensions..js (internal/modules/cjs/loader.js:689:10)
    at Module.load (internal/modules/cjs/loader.js:589:32)
    at tryModuleLoad (internal/modules/cjs/loader.js:528:12)
    at Function.Module._load (internal/modules/cjs/loader.js:520:3)
    at Module.require (internal/modules/cjs/loader.js:626:17)
  errno: 'EADDRINUSE',
  code: 'EADDRINUSE',
  syscall: 'listen',
  address: '::',
  port: 8100 }
[2018-05-05T11:04:12.666] [INFO] default - Error: listen EADDRINUSE :::8100
    at Server.setupListenHandle [as _listen2] (net.js:1330:14)
    at listenInCluster (net.js:1378:12)
    at Server.listen (net.js:1466:7)
    at Object.<anonymous> (/Users/necis/Learning/pk-server/modules/listen.js:28:21)
    at Module._compile (internal/modules/cjs/loader.js:678:30)
    at Object.Module._extensions..js (internal/modules/cjs/loader.js:689:10)
    at Module.load (internal/modules/cjs/loader.js:589:32)
    at tryModuleLoad (internal/modules/cjs/loader.js:528:12)
    at Function.Module._load (internal/modules/cjs/loader.js:520:3)
    at Module.require (internal/modules/cjs/loader.js:626:17)
[2018-05-05T11:04:12.667] [INFO] default - { Error: listen EADDRINUSE :::8100
    at Server.setupListenHandle [as _listen2] (net.js:1330:14)
    at listenInCluster (net.js:1378:12)
    at Server.listen (net.js:1466:7)
    at new WebSocketServer (/Users/necis/Learning/pk-server/node_modules/ws/lib/websocket-server.js:68:20)
    at Object.<anonymous> (/Users/necis/Learning/pk-server/modules/listen.js:34:8)
    at Module._compile (internal/modules/cjs/loader.js:678:30)
    at Object.Module._extensions..js (internal/modules/cjs/loader.js:689:10)
    at Module.load (internal/modules/cjs/loader.js:589:32)
    at tryModuleLoad (internal/modules/cjs/loader.js:528:12)
    at Function.Module._load (internal/modules/cjs/loader.js:520:3)
  errno: 'EADDRINUSE',
  code: 'EADDRINUSE',
  syscall: 'listen',
  address: '::',
  port: 8100 }
[2018-05-05T11:04:12.668] [INFO] default - Error: listen EADDRINUSE :::8100
    at Server.setupListenHandle [as _listen2] (net.js:1330:14)
    at listenInCluster (net.js:1378:12)
    at Server.listen (net.js:1466:7)
    at new WebSocketServer (/Users/necis/Learning/pk-server/node_modules/ws/lib/websocket-server.js:68:20)
    at Object.<anonymous> (/Users/necis/Learning/pk-server/modules/listen.js:34:8)
    at Module._compile (internal/modules/cjs/loader.js:678:30)
    at Object.Module._extensions..js (internal/modules/cjs/loader.js:689:10)
    at Module.load (internal/modules/cjs/loader.js:589:32)
    at tryModuleLoad (internal/modules/cjs/loader.js:528:12)
    at Function.Module._load (internal/modules/cjs/loader.js:520:3)
[2018-05-05T11:05:14.819] [INFO] default - { Error: listen EADDRINUSE :::8100
    at Server.setupListenHandle [as _listen2] (net.js:1330:14)
    at listenInCluster (net.js:1378:12)
    at Server.listen (net.js:1466:7)
    at Object.<anonymous> (/Users/necis/Learning/pk-server/modules/listen.js:28:21)
    at Module._compile (internal/modules/cjs/loader.js:678:30)
    at Object.Module._extensions..js (internal/modules/cjs/loader.js:689:10)
    at Module.load (internal/modules/cjs/loader.js:589:32)
    at tryModuleLoad (internal/modules/cjs/loader.js:528:12)
    at Function.Module._load (internal/modules/cjs/loader.js:520:3)
    at Module.require (internal/modules/cjs/loader.js:626:17)
  errno: 'EADDRINUSE',
  code: 'EADDRINUSE',
  syscall: 'listen',
  address: '::',
  port: 8100 }
[2018-05-05T11:05:14.824] [INFO] default - Error: listen EADDRINUSE :::8100
    at Server.setupListenHandle [as _listen2] (net.js:1330:14)
    at listenInCluster (net.js:1378:12)
    at Server.listen (net.js:1466:7)
    at Object.<anonymous> (/Users/necis/Learning/pk-server/modules/listen.js:28:21)
    at Module._compile (internal/modules/cjs/loader.js:678:30)
    at Object.Module._extensions..js (internal/modules/cjs/loader.js:689:10)
    at Module.load (internal/modules/cjs/loader.js:589:32)
    at tryModuleLoad (internal/modules/cjs/loader.js:528:12)
    at Function.Module._load (internal/modules/cjs/loader.js:520:3)
    at Module.require (internal/modules/cjs/loader.js:626:17)
[2018-05-05T11:05:14.825] [INFO] default - { Error: listen EADDRINUSE :::8100
    at Server.setupListenHandle [as _listen2] (net.js:1330:14)
    at listenInCluster (net.js:1378:12)
    at Server.listen (net.js:1466:7)
    at new WebSocketServer (/Users/necis/Learning/pk-server/node_modules/ws/lib/websocket-server.js:68:20)
    at Object.<anonymous> (/Users/necis/Learning/pk-server/modules/listen.js:34:8)
    at Module._compile (internal/modules/cjs/loader.js:678:30)
    at Object.Module._extensions..js (internal/modules/cjs/loader.js:689:10)
    at Module.load (internal/modules/cjs/loader.js:589:32)
    at tryModuleLoad (internal/modules/cjs/loader.js:528:12)
    at Function.Module._load (internal/modules/cjs/loader.js:520:3)
  errno: 'EADDRINUSE',
  code: 'EADDRINUSE',
  syscall: 'listen',
  address: '::',
  port: 8100 }
[2018-05-05T11:05:14.825] [INFO] default - Error: listen EADDRINUSE :::8100
    at Server.setupListenHandle [as _listen2] (net.js:1330:14)
    at listenInCluster (net.js:1378:12)
    at Server.listen (net.js:1466:7)
    at new WebSocketServer (/Users/necis/Learning/pk-server/node_modules/ws/lib/websocket-server.js:68:20)
    at Object.<anonymous> (/Users/necis/Learning/pk-server/modules/listen.js:34:8)
    at Module._compile (internal/modules/cjs/loader.js:678:30)
    at Object.Module._extensions..js (internal/modules/cjs/loader.js:689:10)
    at Module.load (internal/modules/cjs/loader.js:589:32)
    at tryModuleLoad (internal/modules/cjs/loader.js:528:12)
    at Function.Module._load (internal/modules/cjs/loader.js:520:3)
[2018-05-05T11:12:26.057] [INFO] default - TypeError: Cannot read property 'hasOwnProperty' of undefined
    at Object.add (/Users/necis/Learning/pk-server/modules/mq.js:20:13)
    at WebSocketServer.connection (/Users/necis/Learning/pk-server/app.js:21:8)
    at WebSocketServer.emit (events.js:187:15)
    at handleUpgrade (/Users/necis/Learning/pk-server/node_modules/ws/lib/websocket-server.js:79:18)
    at WebSocketServer.completeUpgrade (/Users/necis/Learning/pk-server/node_modules/ws/lib/websocket-server.js:293:5)
    at WebSocketServer.handleUpgrade (/Users/necis/Learning/pk-server/node_modules/ws/lib/websocket-server.js:218:10)
    at Server.upgrade (/Users/necis/Learning/pk-server/node_modules/ws/lib/websocket-server.js:78:16)
    at Server.emit (events.js:182:13)
    at onParserExecuteCommon (_http_server.js:534:14)
    at onParserExecute (_http_server.js:481:3)
[2018-05-05T11:12:26.057] [INFO] default - TypeError: Cannot read property 'hasOwnProperty' of undefined
    at Object.add (/Users/necis/Learning/pk-server/modules/mq.js:20:13)
    at WebSocketServer.connection (/Users/necis/Learning/pk-server/app.js:21:8)
    at WebSocketServer.emit (events.js:187:15)
    at handleUpgrade (/Users/necis/Learning/pk-server/node_modules/ws/lib/websocket-server.js:79:18)
    at WebSocketServer.completeUpgrade (/Users/necis/Learning/pk-server/node_modules/ws/lib/websocket-server.js:293:5)
    at WebSocketServer.handleUpgrade (/Users/necis/Learning/pk-server/node_modules/ws/lib/websocket-server.js:218:10)
    at Server.upgrade (/Users/necis/Learning/pk-server/node_modules/ws/lib/websocket-server.js:78:16)
    at Server.emit (events.js:182:13)
    at onParserExecuteCommon (_http_server.js:534:14)
    at onParserExecute (_http_server.js:481:3)
[2018-05-05T11:12:45.532] [INFO] default - { Error: listen EADDRINUSE :::8100
    at Server.setupListenHandle [as _listen2] (net.js:1330:14)
    at listenInCluster (net.js:1378:12)
    at Server.listen (net.js:1466:7)
    at Object.<anonymous> (/Users/necis/Learning/pk-server/modules/listen.js:28:21)
    at Module._compile (internal/modules/cjs/loader.js:678:30)
    at Object.Module._extensions..js (internal/modules/cjs/loader.js:689:10)
    at Module.load (internal/modules/cjs/loader.js:589:32)
    at tryModuleLoad (internal/modules/cjs/loader.js:528:12)
    at Function.Module._load (internal/modules/cjs/loader.js:520:3)
    at Module.require (internal/modules/cjs/loader.js:626:17)
  errno: 'EADDRINUSE',
  code: 'EADDRINUSE',
  syscall: 'listen',
  address: '::',
  port: 8100 }
[2018-05-05T11:12:45.538] [INFO] default - Error: listen EADDRINUSE :::8100
    at Server.setupListenHandle [as _listen2] (net.js:1330:14)
    at listenInCluster (net.js:1378:12)
    at Server.listen (net.js:1466:7)
    at Object.<anonymous> (/Users/necis/Learning/pk-server/modules/listen.js:28:21)
    at Module._compile (internal/modules/cjs/loader.js:678:30)
    at Object.Module._extensions..js (internal/modules/cjs/loader.js:689:10)
    at Module.load (internal/modules/cjs/loader.js:589:32)
    at tryModuleLoad (internal/modules/cjs/loader.js:528:12)
    at Function.Module._load (internal/modules/cjs/loader.js:520:3)
    at Module.require (internal/modules/cjs/loader.js:626:17)
[2018-05-05T11:12:45.538] [INFO] default - { Error: listen EADDRINUSE :::8100
    at Server.setupListenHandle [as _listen2] (net.js:1330:14)
    at listenInCluster (net.js:1378:12)
    at Server.listen (net.js:1466:7)
    at new WebSocketServer (/Users/necis/Learning/pk-server/node_modules/ws/lib/websocket-server.js:68:20)
    at Object.<anonymous> (/Users/necis/Learning/pk-server/modules/listen.js:34:8)
    at Module._compile (internal/modules/cjs/loader.js:678:30)
    at Object.Module._extensions..js (internal/modules/cjs/loader.js:689:10)
    at Module.load (internal/modules/cjs/loader.js:589:32)
    at tryModuleLoad (internal/modules/cjs/loader.js:528:12)
    at Function.Module._load (internal/modules/cjs/loader.js:520:3)
  errno: 'EADDRINUSE',
  code: 'EADDRINUSE',
  syscall: 'listen',
  address: '::',
  port: 8100 }
[2018-05-05T11:12:45.539] [INFO] default - Error: listen EADDRINUSE :::8100
    at Server.setupListenHandle [as _listen2] (net.js:1330:14)
    at listenInCluster (net.js:1378:12)
    at Server.listen (net.js:1466:7)
    at new WebSocketServer (/Users/necis/Learning/pk-server/node_modules/ws/lib/websocket-server.js:68:20)
    at Object.<anonymous> (/Users/necis/Learning/pk-server/modules/listen.js:34:8)
    at Module._compile (internal/modules/cjs/loader.js:678:30)
    at Object.Module._extensions..js (internal/modules/cjs/loader.js:689:10)
    at Module.load (internal/modules/cjs/loader.js:589:32)
    at tryModuleLoad (internal/modules/cjs/loader.js:528:12)
    at Function.Module._load (internal/modules/cjs/loader.js:520:3)
[2018-05-05T11:13:15.215] [INFO] default - TypeError: Cannot read property 'hasOwnProperty' of undefined
    at Object.add (/Users/necis/Learning/pk-server/modules/mq.js:20:13)
    at WebSocketServer.connection (/Users/necis/Learning/pk-server/app.js:21:8)
    at WebSocketServer.emit (events.js:187:15)
    at handleUpgrade (/Users/necis/Learning/pk-server/node_modules/ws/lib/websocket-server.js:79:18)
    at WebSocketServer.completeUpgrade (/Users/necis/Learning/pk-server/node_modules/ws/lib/websocket-server.js:293:5)
    at WebSocketServer.handleUpgrade (/Users/necis/Learning/pk-server/node_modules/ws/lib/websocket-server.js:218:10)
    at Server.upgrade (/Users/necis/Learning/pk-server/node_modules/ws/lib/websocket-server.js:78:16)
    at Server.emit (events.js:182:13)
    at onParserExecuteCommon (_http_server.js:534:14)
    at onParserExecute (_http_server.js:481:3)
[2018-05-05T11:13:15.215] [INFO] default - TypeError: Cannot read property 'hasOwnProperty' of undefined
    at Object.add (/Users/necis/Learning/pk-server/modules/mq.js:20:13)
    at WebSocketServer.connection (/Users/necis/Learning/pk-server/app.js:21:8)
    at WebSocketServer.emit (events.js:187:15)
    at handleUpgrade (/Users/necis/Learning/pk-server/node_modules/ws/lib/websocket-server.js:79:18)
    at WebSocketServer.completeUpgrade (/Users/necis/Learning/pk-server/node_modules/ws/lib/websocket-server.js:293:5)
    at WebSocketServer.handleUpgrade (/Users/necis/Learning/pk-server/node_modules/ws/lib/websocket-server.js:218:10)
    at Server.upgrade (/Users/necis/Learning/pk-server/node_modules/ws/lib/websocket-server.js:78:16)
    at Server.emit (events.js:182:13)
    at onParserExecuteCommon (_http_server.js:534:14)
    at onParserExecute (_http_server.js:481:3)
[2018-05-05T11:13:18.529] [INFO] default - TypeError: Cannot read property 'hasOwnProperty' of undefined
    at Object.add (/Users/necis/Learning/pk-server/modules/mq.js:20:13)
    at WebSocketServer.connection (/Users/necis/Learning/pk-server/app.js:21:8)
    at WebSocketServer.emit (events.js:187:15)
    at handleUpgrade (/Users/necis/Learning/pk-server/node_modules/ws/lib/websocket-server.js:79:18)
    at WebSocketServer.completeUpgrade (/Users/necis/Learning/pk-server/node_modules/ws/lib/websocket-server.js:293:5)
    at WebSocketServer.handleUpgrade (/Users/necis/Learning/pk-server/node_modules/ws/lib/websocket-server.js:218:10)
    at Server.upgrade (/Users/necis/Learning/pk-server/node_modules/ws/lib/websocket-server.js:78:16)
    at Server.emit (events.js:182:13)
    at onParserExecuteCommon (_http_server.js:534:14)
    at onParserExecute (_http_server.js:481:3)
[2018-05-05T11:13:18.529] [INFO] default - TypeError: Cannot read property 'hasOwnProperty' of undefined
    at Object.add (/Users/necis/Learning/pk-server/modules/mq.js:20:13)
    at WebSocketServer.connection (/Users/necis/Learning/pk-server/app.js:21:8)
    at WebSocketServer.emit (events.js:187:15)
    at handleUpgrade (/Users/necis/Learning/pk-server/node_modules/ws/lib/websocket-server.js:79:18)
    at WebSocketServer.completeUpgrade (/Users/necis/Learning/pk-server/node_modules/ws/lib/websocket-server.js:293:5)
    at WebSocketServer.handleUpgrade (/Users/necis/Learning/pk-server/node_modules/ws/lib/websocket-server.js:218:10)
    at Server.upgrade (/Users/necis/Learning/pk-server/node_modules/ws/lib/websocket-server.js:78:16)
    at Server.emit (events.js:182:13)
    at onParserExecuteCommon (_http_server.js:534:14)
    at onParserExecute (_http_server.js:481:3)
[2018-05-05T11:25:49.777] [INFO] default - { Error: listen EADDRINUSE :::8100
    at Object._errnoException (util.js:1022:11)
    at _exceptionWithHostPort (util.js:1044:20)
    at Server.setupListenHandle [as _listen2] (net.js:1367:14)
    at listenInCluster (net.js:1408:12)
    at Server.listen (net.js:1492:7)
    at Object.<anonymous> (/Users/necis/projects/Necis/Learning/pk-server/modules/listen.js:28:21)
    at Module._compile (module.js:652:30)
    at Object.Module._extensions..js (module.js:663:10)
    at Module.load (module.js:565:32)
    at tryModuleLoad (module.js:505:12)
  code: 'EADDRINUSE',
  errno: 'EADDRINUSE',
  syscall: 'listen',
  address: '::',
  port: 8100 }
[2018-05-05T11:25:49.783] [INFO] default - Error: listen EADDRINUSE :::8100
    at Object._errnoException (util.js:1022:11)
    at _exceptionWithHostPort (util.js:1044:20)
    at Server.setupListenHandle [as _listen2] (net.js:1367:14)
    at listenInCluster (net.js:1408:12)
    at Server.listen (net.js:1492:7)
    at Object.<anonymous> (/Users/necis/projects/Necis/Learning/pk-server/modules/listen.js:28:21)
    at Module._compile (module.js:652:30)
    at Object.Module._extensions..js (module.js:663:10)
    at Module.load (module.js:565:32)
    at tryModuleLoad (module.js:505:12)
[2018-05-05T11:25:49.783] [INFO] default - { Error: listen EADDRINUSE :::8100
    at Object._errnoException (util.js:1022:11)
    at _exceptionWithHostPort (util.js:1044:20)
    at Server.setupListenHandle [as _listen2] (net.js:1367:14)
    at listenInCluster (net.js:1408:12)
    at Server.listen (net.js:1492:7)
    at new WebSocketServer (/Users/necis/projects/Necis/Learning/pk-server/node_modules/ws/lib/websocket-server.js:68:20)
    at Object.<anonymous> (/Users/necis/projects/Necis/Learning/pk-server/modules/listen.js:34:8)
    at Module._compile (module.js:652:30)
    at Object.Module._extensions..js (module.js:663:10)
    at Module.load (module.js:565:32)
  code: 'EADDRINUSE',
  errno: 'EADDRINUSE',
  syscall: 'listen',
  address: '::',
  port: 8100 }
[2018-05-05T11:25:49.784] [INFO] default - Error: listen EADDRINUSE :::8100
    at Object._errnoException (util.js:1022:11)
    at _exceptionWithHostPort (util.js:1044:20)
    at Server.setupListenHandle [as _listen2] (net.js:1367:14)
    at listenInCluster (net.js:1408:12)
    at Server.listen (net.js:1492:7)
    at new WebSocketServer (/Users/necis/projects/Necis/Learning/pk-server/node_modules/ws/lib/websocket-server.js:68:20)
    at Object.<anonymous> (/Users/necis/projects/Necis/Learning/pk-server/modules/listen.js:34:8)
    at Module._compile (module.js:652:30)
    at Object.Module._extensions..js (module.js:663:10)
    at Module.load (module.js:565:32)
[2018-05-05T11:26:08.838] [INFO] default - { Error: listen EADDRINUSE :::8100
    at Object._errnoException (util.js:1022:11)
    at _exceptionWithHostPort (util.js:1044:20)
    at Server.setupListenHandle [as _listen2] (net.js:1367:14)
    at listenInCluster (net.js:1408:12)
    at Server.listen (net.js:1492:7)
    at Object.<anonymous> (/Users/necis/Learning/pk-server/modules/listen.js:28:21)
    at Module._compile (module.js:652:30)
    at Object.Module._extensions..js (module.js:663:10)
    at Module.load (module.js:565:32)
    at tryModuleLoad (module.js:505:12)
  code: 'EADDRINUSE',
  errno: 'EADDRINUSE',
  syscall: 'listen',
  address: '::',
  port: 8100 }
[2018-05-05T11:26:08.844] [INFO] default - Error: listen EADDRINUSE :::8100
    at Object._errnoException (util.js:1022:11)
    at _exceptionWithHostPort (util.js:1044:20)
    at Server.setupListenHandle [as _listen2] (net.js:1367:14)
    at listenInCluster (net.js:1408:12)
    at Server.listen (net.js:1492:7)
    at Object.<anonymous> (/Users/necis/Learning/pk-server/modules/listen.js:28:21)
    at Module._compile (module.js:652:30)
    at Object.Module._extensions..js (module.js:663:10)
    at Module.load (module.js:565:32)
    at tryModuleLoad (module.js:505:12)
[2018-05-05T11:26:08.845] [INFO] default - { Error: listen EADDRINUSE :::8100
    at Object._errnoException (util.js:1022:11)
    at _exceptionWithHostPort (util.js:1044:20)
    at Server.setupListenHandle [as _listen2] (net.js:1367:14)
    at listenInCluster (net.js:1408:12)
    at Server.listen (net.js:1492:7)
    at new WebSocketServer (/Users/necis/Learning/pk-server/node_modules/ws/lib/websocket-server.js:68:20)
    at Object.<anonymous> (/Users/necis/Learning/pk-server/modules/listen.js:34:8)
    at Module._compile (module.js:652:30)
    at Object.Module._extensions..js (module.js:663:10)
    at Module.load (module.js:565:32)
  code: 'EADDRINUSE',
  errno: 'EADDRINUSE',
  syscall: 'listen',
  address: '::',
  port: 8100 }
[2018-05-05T11:26:08.845] [INFO] default - Error: listen EADDRINUSE :::8100
    at Object._errnoException (util.js:1022:11)
    at _exceptionWithHostPort (util.js:1044:20)
    at Server.setupListenHandle [as _listen2] (net.js:1367:14)
    at listenInCluster (net.js:1408:12)
    at Server.listen (net.js:1492:7)
    at new WebSocketServer (/Users/necis/Learning/pk-server/node_modules/ws/lib/websocket-server.js:68:20)
    at Object.<anonymous> (/Users/necis/Learning/pk-server/modules/listen.js:34:8)
    at Module._compile (module.js:652:30)
    at Object.Module._extensions..js (module.js:663:10)
    at Module.load (module.js:565:32)
