[2018-05-06T11:29:42.429] [INFO] default - TypeError: Cannot read property 'hasOwnProperty' of undefined
    at Object.add (/Users/necis/Learning/pk-server/modules/mq.js:20:13)
    at WebSocketServer.connection (/Users/necis/Learning/pk-server/app.js:21:8)
    at WebSocketServer.emit (events.js:187:15)
    at handleUpgrade (/Users/necis/Learning/pk-server/node_modules/ws/lib/websocket-server.js:79:18)
    at WebSocketServer.completeUpgrade (/Users/necis/Learning/pk-server/node_modules/ws/lib/websocket-server.js:293:5)
    at WebSocketServer.handleUpgrade (/Users/necis/Learning/pk-server/node_modules/ws/lib/websocket-server.js:218:10)
    at Server.upgrade (/Users/necis/Learning/pk-server/node_modules/ws/lib/websocket-server.js:78:16)
    at Server.emit (events.js:182:13)
    at onParserExecuteCommon (_http_server.js:534:14)
    at onParserExecute (_http_server.js:481:3)
[2018-05-06T11:29:42.433] [INFO] default - TypeError: Cannot read property 'hasOwnProperty' of undefined
    at Object.add (/Users/necis/Learning/pk-server/modules/mq.js:20:13)
    at WebSocketServer.connection (/Users/necis/Learning/pk-server/app.js:21:8)
    at WebSocketServer.emit (events.js:187:15)
    at handleUpgrade (/Users/necis/Learning/pk-server/node_modules/ws/lib/websocket-server.js:79:18)
    at WebSocketServer.completeUpgrade (/Users/necis/Learning/pk-server/node_modules/ws/lib/websocket-server.js:293:5)
    at WebSocketServer.handleUpgrade (/Users/necis/Learning/pk-server/node_modules/ws/lib/websocket-server.js:218:10)
    at Server.upgrade (/Users/necis/Learning/pk-server/node_modules/ws/lib/websocket-server.js:78:16)
    at Server.emit (events.js:182:13)
    at onParserExecuteCommon (_http_server.js:534:14)
    at onParserExecute (_http_server.js:481:3)
[2018-05-06T11:32:23.506] [INFO] default - TypeError: Cannot read property 'hasOwnProperty' of undefined
    at Object.add (/Users/necis/Learning/pk-server/modules/mq.js:20:13)
    at WebSocketServer.connection (/Users/necis/Learning/pk-server/app.js:21:8)
    at WebSocketServer.emit (events.js:187:15)
    at handleUpgrade (/Users/necis/Learning/pk-server/node_modules/ws/lib/websocket-server.js:79:18)
    at WebSocketServer.completeUpgrade (/Users/necis/Learning/pk-server/node_modules/ws/lib/websocket-server.js:293:5)
    at WebSocketServer.handleUpgrade (/Users/necis/Learning/pk-server/node_modules/ws/lib/websocket-server.js:218:10)
    at Server.upgrade (/Users/necis/Learning/pk-server/node_modules/ws/lib/websocket-server.js:78:16)
    at Server.emit (events.js:182:13)
    at onParserExecuteCommon (_http_server.js:534:14)
    at onParserExecute (_http_server.js:481:3)
[2018-05-06T11:32:23.507] [INFO] default - TypeError: Cannot read property 'hasOwnProperty' of undefined
    at Object.add (/Users/necis/Learning/pk-server/modules/mq.js:20:13)
    at WebSocketServer.connection (/Users/necis/Learning/pk-server/app.js:21:8)
    at WebSocketServer.emit (events.js:187:15)
    at handleUpgrade (/Users/necis/Learning/pk-server/node_modules/ws/lib/websocket-server.js:79:18)
    at WebSocketServer.completeUpgrade (/Users/necis/Learning/pk-server/node_modules/ws/lib/websocket-server.js:293:5)
    at WebSocketServer.handleUpgrade (/Users/necis/Learning/pk-server/node_modules/ws/lib/websocket-server.js:218:10)
    at Server.upgrade (/Users/necis/Learning/pk-server/node_modules/ws/lib/websocket-server.js:78:16)
    at Server.emit (events.js:182:13)
    at onParserExecuteCommon (_http_server.js:534:14)
    at onParserExecute (_http_server.js:481:3)
[2018-05-06T11:33:24.402] [INFO] default - TypeError: Cannot read property 'hasOwnProperty' of undefined
    at Object.add (/Users/necis/Learning/pk-server/modules/mq.js:20:13)
    at WebSocketServer.connection (/Users/necis/Learning/pk-server/app.js:21:8)
    at WebSocketServer.emit (events.js:187:15)
    at handleUpgrade (/Users/necis/Learning/pk-server/node_modules/ws/lib/websocket-server.js:79:18)
    at WebSocketServer.completeUpgrade (/Users/necis/Learning/pk-server/node_modules/ws/lib/websocket-server.js:293:5)
    at WebSocketServer.handleUpgrade (/Users/necis/Learning/pk-server/node_modules/ws/lib/websocket-server.js:218:10)
    at Server.upgrade (/Users/necis/Learning/pk-server/node_modules/ws/lib/websocket-server.js:78:16)
    at Server.emit (events.js:182:13)
    at onParserExecuteCommon (_http_server.js:534:14)
    at onParserExecute (_http_server.js:481:3)
[2018-05-06T11:33:24.402] [INFO] default - TypeError: Cannot read property 'hasOwnProperty' of undefined
    at Object.add (/Users/necis/Learning/pk-server/modules/mq.js:20:13)
    at WebSocketServer.connection (/Users/necis/Learning/pk-server/app.js:21:8)
    at WebSocketServer.emit (events.js:187:15)
    at handleUpgrade (/Users/necis/Learning/pk-server/node_modules/ws/lib/websocket-server.js:79:18)
    at WebSocketServer.completeUpgrade (/Users/necis/Learning/pk-server/node_modules/ws/lib/websocket-server.js:293:5)
    at WebSocketServer.handleUpgrade (/Users/necis/Learning/pk-server/node_modules/ws/lib/websocket-server.js:218:10)
    at Server.upgrade (/Users/necis/Learning/pk-server/node_modules/ws/lib/websocket-server.js:78:16)
    at Server.emit (events.js:182:13)
    at onParserExecuteCommon (_http_server.js:534:14)
    at onParserExecute (_http_server.js:481:3)
[2018-05-06T11:34:08.924] [INFO] default - TypeError: Cannot read property 'hasOwnProperty' of undefined
    at Object.add (/Users/necis/Learning/pk-server/modules/mq.js:20:13)
    at WebSocketServer.connection (/Users/necis/Learning/pk-server/app.js:21:8)
    at WebSocketServer.emit (events.js:187:15)
    at handleUpgrade (/Users/necis/Learning/pk-server/node_modules/ws/lib/websocket-server.js:79:18)
    at WebSocketServer.completeUpgrade (/Users/necis/Learning/pk-server/node_modules/ws/lib/websocket-server.js:293:5)
    at WebSocketServer.handleUpgrade (/Users/necis/Learning/pk-server/node_modules/ws/lib/websocket-server.js:218:10)
    at Server.upgrade (/Users/necis/Learning/pk-server/node_modules/ws/lib/websocket-server.js:78:16)
    at Server.emit (events.js:182:13)
    at onParserExecuteCommon (_http_server.js:534:14)
    at onParserExecute (_http_server.js:481:3)
[2018-05-06T11:34:08.925] [INFO] default - TypeError: Cannot read property 'hasOwnProperty' of undefined
    at Object.add (/Users/necis/Learning/pk-server/modules/mq.js:20:13)
    at WebSocketServer.connection (/Users/necis/Learning/pk-server/app.js:21:8)
    at WebSocketServer.emit (events.js:187:15)
    at handleUpgrade (/Users/necis/Learning/pk-server/node_modules/ws/lib/websocket-server.js:79:18)
    at WebSocketServer.completeUpgrade (/Users/necis/Learning/pk-server/node_modules/ws/lib/websocket-server.js:293:5)
    at WebSocketServer.handleUpgrade (/Users/necis/Learning/pk-server/node_modules/ws/lib/websocket-server.js:218:10)
    at Server.upgrade (/Users/necis/Learning/pk-server/node_modules/ws/lib/websocket-server.js:78:16)
    at Server.emit (events.js:182:13)
    at onParserExecuteCommon (_http_server.js:534:14)
    at onParserExecute (_http_server.js:481:3)
[2018-05-06T11:34:37.089] [INFO] default - TypeError: Cannot read property 'hasOwnProperty' of undefined
    at Object.add (/Users/necis/Learning/pk-server/modules/mq.js:20:13)
    at WebSocketServer.connection (/Users/necis/Learning/pk-server/app.js:21:8)
    at WebSocketServer.emit (events.js:187:15)
    at handleUpgrade (/Users/necis/Learning/pk-server/node_modules/ws/lib/websocket-server.js:79:18)
    at WebSocketServer.completeUpgrade (/Users/necis/Learning/pk-server/node_modules/ws/lib/websocket-server.js:293:5)
    at WebSocketServer.handleUpgrade (/Users/necis/Learning/pk-server/node_modules/ws/lib/websocket-server.js:218:10)
    at Server.upgrade (/Users/necis/Learning/pk-server/node_modules/ws/lib/websocket-server.js:78:16)
    at Server.emit (events.js:182:13)
    at onParserExecuteCommon (_http_server.js:534:14)
    at onParserExecute (_http_server.js:481:3)
[2018-05-06T11:34:37.090] [INFO] default - TypeError: Cannot read property 'hasOwnProperty' of undefined
    at Object.add (/Users/necis/Learning/pk-server/modules/mq.js:20:13)
    at WebSocketServer.connection (/Users/necis/Learning/pk-server/app.js:21:8)
    at WebSocketServer.emit (events.js:187:15)
    at handleUpgrade (/Users/necis/Learning/pk-server/node_modules/ws/lib/websocket-server.js:79:18)
    at WebSocketServer.completeUpgrade (/Users/necis/Learning/pk-server/node_modules/ws/lib/websocket-server.js:293:5)
    at WebSocketServer.handleUpgrade (/Users/necis/Learning/pk-server/node_modules/ws/lib/websocket-server.js:218:10)
    at Server.upgrade (/Users/necis/Learning/pk-server/node_modules/ws/lib/websocket-server.js:78:16)
    at Server.emit (events.js:182:13)
    at onParserExecuteCommon (_http_server.js:534:14)
    at onParserExecute (_http_server.js:481:3)
[2018-05-06T11:37:49.777] [INFO] default - TypeError: Cannot read property 'hasOwnProperty' of undefined
    at Object.add (/Users/necis/Learning/pk-server/modules/mq.js:20:13)
    at WebSocketServer.connection (/Users/necis/Learning/pk-server/app.js:21:8)
    at WebSocketServer.emit (events.js:187:15)
    at handleUpgrade (/Users/necis/Learning/pk-server/node_modules/ws/lib/websocket-server.js:79:18)
    at WebSocketServer.completeUpgrade (/Users/necis/Learning/pk-server/node_modules/ws/lib/websocket-server.js:293:5)
    at WebSocketServer.handleUpgrade (/Users/necis/Learning/pk-server/node_modules/ws/lib/websocket-server.js:218:10)
    at Server.upgrade (/Users/necis/Learning/pk-server/node_modules/ws/lib/websocket-server.js:78:16)
    at Server.emit (events.js:182:13)
    at onParserExecuteCommon (_http_server.js:534:14)
    at onParserExecute (_http_server.js:481:3)
[2018-05-06T11:37:49.777] [INFO] default - TypeError: Cannot read property 'hasOwnProperty' of undefined
    at Object.add (/Users/necis/Learning/pk-server/modules/mq.js:20:13)
    at WebSocketServer.connection (/Users/necis/Learning/pk-server/app.js:21:8)
    at WebSocketServer.emit (events.js:187:15)
    at handleUpgrade (/Users/necis/Learning/pk-server/node_modules/ws/lib/websocket-server.js:79:18)
    at WebSocketServer.completeUpgrade (/Users/necis/Learning/pk-server/node_modules/ws/lib/websocket-server.js:293:5)
    at WebSocketServer.handleUpgrade (/Users/necis/Learning/pk-server/node_modules/ws/lib/websocket-server.js:218:10)
    at Server.upgrade (/Users/necis/Learning/pk-server/node_modules/ws/lib/websocket-server.js:78:16)
    at Server.emit (events.js:182:13)
    at onParserExecuteCommon (_http_server.js:534:14)
    at onParserExecute (_http_server.js:481:3)
[2018-05-06T11:45:33.477] [INFO] default - TypeError: Cannot read property 'hasOwnProperty' of undefined
    at Object.add (/Users/necis/Learning/pk-server/modules/mq.js:20:13)
    at WebSocketServer.connection (/Users/necis/Learning/pk-server/app.js:21:8)
    at WebSocketServer.emit (events.js:187:15)
    at handleUpgrade (/Users/necis/Learning/pk-server/node_modules/ws/lib/websocket-server.js:79:18)
    at WebSocketServer.completeUpgrade (/Users/necis/Learning/pk-server/node_modules/ws/lib/websocket-server.js:293:5)
    at WebSocketServer.handleUpgrade (/Users/necis/Learning/pk-server/node_modules/ws/lib/websocket-server.js:218:10)
    at Server.upgrade (/Users/necis/Learning/pk-server/node_modules/ws/lib/websocket-server.js:78:16)
    at Server.emit (events.js:182:13)
    at onParserExecuteCommon (_http_server.js:534:14)
    at onParserExecute (_http_server.js:481:3)
[2018-05-06T11:45:33.478] [INFO] default - TypeError: Cannot read property 'hasOwnProperty' of undefined
    at Object.add (/Users/necis/Learning/pk-server/modules/mq.js:20:13)
    at WebSocketServer.connection (/Users/necis/Learning/pk-server/app.js:21:8)
    at WebSocketServer.emit (events.js:187:15)
    at handleUpgrade (/Users/necis/Learning/pk-server/node_modules/ws/lib/websocket-server.js:79:18)
    at WebSocketServer.completeUpgrade (/Users/necis/Learning/pk-server/node_modules/ws/lib/websocket-server.js:293:5)
    at WebSocketServer.handleUpgrade (/Users/necis/Learning/pk-server/node_modules/ws/lib/websocket-server.js:218:10)
    at Server.upgrade (/Users/necis/Learning/pk-server/node_modules/ws/lib/websocket-server.js:78:16)
    at Server.emit (events.js:182:13)
    at onParserExecuteCommon (_http_server.js:534:14)
    at onParserExecute (_http_server.js:481:3)
[2018-05-06T11:46:39.796] [INFO] default - TypeError: Cannot read property 'hasOwnProperty' of undefined
    at Object.add (/Users/necis/Learning/pk-server/modules/mq.js:20:13)
    at WebSocketServer.connection (/Users/necis/Learning/pk-server/app.js:21:8)
    at WebSocketServer.emit (events.js:187:15)
    at handleUpgrade (/Users/necis/Learning/pk-server/node_modules/ws/lib/websocket-server.js:79:18)
    at WebSocketServer.completeUpgrade (/Users/necis/Learning/pk-server/node_modules/ws/lib/websocket-server.js:293:5)
    at WebSocketServer.handleUpgrade (/Users/necis/Learning/pk-server/node_modules/ws/lib/websocket-server.js:218:10)
    at Server.upgrade (/Users/necis/Learning/pk-server/node_modules/ws/lib/websocket-server.js:78:16)
    at Server.emit (events.js:182:13)
    at onParserExecuteCommon (_http_server.js:534:14)
    at onParserExecute (_http_server.js:481:3)
[2018-05-06T11:46:39.797] [INFO] default - TypeError: Cannot read property 'hasOwnProperty' of undefined
    at Object.add (/Users/necis/Learning/pk-server/modules/mq.js:20:13)
    at WebSocketServer.connection (/Users/necis/Learning/pk-server/app.js:21:8)
    at WebSocketServer.emit (events.js:187:15)
    at handleUpgrade (/Users/necis/Learning/pk-server/node_modules/ws/lib/websocket-server.js:79:18)
    at WebSocketServer.completeUpgrade (/Users/necis/Learning/pk-server/node_modules/ws/lib/websocket-server.js:293:5)
    at WebSocketServer.handleUpgrade (/Users/necis/Learning/pk-server/node_modules/ws/lib/websocket-server.js:218:10)
    at Server.upgrade (/Users/necis/Learning/pk-server/node_modules/ws/lib/websocket-server.js:78:16)
    at Server.emit (events.js:182:13)
    at onParserExecuteCommon (_http_server.js:534:14)
    at onParserExecute (_http_server.js:481:3)
[2018-05-06T11:46:55.664] [INFO] default - TypeError: Cannot read property 'hasOwnProperty' of undefined
    at Object.add (/Users/necis/Learning/pk-server/modules/mq.js:20:13)
    at WebSocketServer.connection (/Users/necis/Learning/pk-server/app.js:21:8)
    at WebSocketServer.emit (events.js:187:15)
    at handleUpgrade (/Users/necis/Learning/pk-server/node_modules/ws/lib/websocket-server.js:79:18)
    at WebSocketServer.completeUpgrade (/Users/necis/Learning/pk-server/node_modules/ws/lib/websocket-server.js:293:5)
    at WebSocketServer.handleUpgrade (/Users/necis/Learning/pk-server/node_modules/ws/lib/websocket-server.js:218:10)
    at Server.upgrade (/Users/necis/Learning/pk-server/node_modules/ws/lib/websocket-server.js:78:16)
    at Server.emit (events.js:182:13)
    at onParserExecuteCommon (_http_server.js:534:14)
    at onParserExecute (_http_server.js:481:3)
[2018-05-06T11:46:55.664] [INFO] default - TypeError: Cannot read property 'hasOwnProperty' of undefined
    at Object.add (/Users/necis/Learning/pk-server/modules/mq.js:20:13)
    at WebSocketServer.connection (/Users/necis/Learning/pk-server/app.js:21:8)
    at WebSocketServer.emit (events.js:187:15)
    at handleUpgrade (/Users/necis/Learning/pk-server/node_modules/ws/lib/websocket-server.js:79:18)
    at WebSocketServer.completeUpgrade (/Users/necis/Learning/pk-server/node_modules/ws/lib/websocket-server.js:293:5)
    at WebSocketServer.handleUpgrade (/Users/necis/Learning/pk-server/node_modules/ws/lib/websocket-server.js:218:10)
    at Server.upgrade (/Users/necis/Learning/pk-server/node_modules/ws/lib/websocket-server.js:78:16)
    at Server.emit (events.js:182:13)
    at onParserExecuteCommon (_http_server.js:534:14)
    at onParserExecute (_http_server.js:481:3)
[2018-05-06T11:49:17.069] [INFO] default - TypeError: Cannot read property 'hasOwnProperty' of undefined
    at Object.add (/Users/necis/Learning/pk-server/modules/mq.js:20:13)
    at WebSocketServer.connection (/Users/necis/Learning/pk-server/app.js:21:8)
    at WebSocketServer.emit (events.js:187:15)
    at handleUpgrade (/Users/necis/Learning/pk-server/node_modules/ws/lib/websocket-server.js:79:18)
    at WebSocketServer.completeUpgrade (/Users/necis/Learning/pk-server/node_modules/ws/lib/websocket-server.js:293:5)
    at WebSocketServer.handleUpgrade (/Users/necis/Learning/pk-server/node_modules/ws/lib/websocket-server.js:218:10)
    at Server.upgrade (/Users/necis/Learning/pk-server/node_modules/ws/lib/websocket-server.js:78:16)
    at Server.emit (events.js:182:13)
    at onParserExecuteCommon (_http_server.js:534:14)
    at onParserExecute (_http_server.js:481:3)
[2018-05-06T11:49:17.070] [INFO] default - TypeError: Cannot read property 'hasOwnProperty' of undefined
    at Object.add (/Users/necis/Learning/pk-server/modules/mq.js:20:13)
    at WebSocketServer.connection (/Users/necis/Learning/pk-server/app.js:21:8)
    at WebSocketServer.emit (events.js:187:15)
    at handleUpgrade (/Users/necis/Learning/pk-server/node_modules/ws/lib/websocket-server.js:79:18)
    at WebSocketServer.completeUpgrade (/Users/necis/Learning/pk-server/node_modules/ws/lib/websocket-server.js:293:5)
    at WebSocketServer.handleUpgrade (/Users/necis/Learning/pk-server/node_modules/ws/lib/websocket-server.js:218:10)
    at Server.upgrade (/Users/necis/Learning/pk-server/node_modules/ws/lib/websocket-server.js:78:16)
    at Server.emit (events.js:182:13)
    at onParserExecuteCommon (_http_server.js:534:14)
    at onParserExecute (_http_server.js:481:3)
[2018-05-06T11:49:36.818] [INFO] default - { Error: listen EADDRINUSE :::8100
    at Object._errnoException (util.js:1022:11)
    at _exceptionWithHostPort (util.js:1044:20)
    at Server.setupListenHandle [as _listen2] (net.js:1367:14)
    at listenInCluster (net.js:1408:12)
    at Server.listen (net.js:1492:7)
    at Object.<anonymous> (/Users/necis/Learning/pk-server/modules/listen.js:28:21)
    at Module._compile (module.js:652:30)
    at Object.Module._extensions..js (module.js:663:10)
    at Module.load (module.js:565:32)
    at tryModuleLoad (module.js:505:12)
  code: 'EADDRINUSE',
  errno: 'EADDRINUSE',
  syscall: 'listen',
  address: '::',
  port: 8100 }
[2018-05-06T11:49:36.823] [INFO] default - Error: listen EADDRINUSE :::8100
    at Object._errnoException (util.js:1022:11)
    at _exceptionWithHostPort (util.js:1044:20)
    at Server.setupListenHandle [as _listen2] (net.js:1367:14)
    at listenInCluster (net.js:1408:12)
    at Server.listen (net.js:1492:7)
    at Object.<anonymous> (/Users/necis/Learning/pk-server/modules/listen.js:28:21)
    at Module._compile (module.js:652:30)
    at Object.Module._extensions..js (module.js:663:10)
    at Module.load (module.js:565:32)
    at tryModuleLoad (module.js:505:12)
[2018-05-06T11:49:36.824] [INFO] default - { Error: listen EADDRINUSE :::8100
    at Object._errnoException (util.js:1022:11)
    at _exceptionWithHostPort (util.js:1044:20)
    at Server.setupListenHandle [as _listen2] (net.js:1367:14)
    at listenInCluster (net.js:1408:12)
    at Server.listen (net.js:1492:7)
    at new WebSocketServer (/Users/necis/Learning/pk-server/node_modules/ws/lib/websocket-server.js:68:20)
    at Object.<anonymous> (/Users/necis/Learning/pk-server/modules/listen.js:34:8)
    at Module._compile (module.js:652:30)
    at Object.Module._extensions..js (module.js:663:10)
    at Module.load (module.js:565:32)
  code: 'EADDRINUSE',
  errno: 'EADDRINUSE',
  syscall: 'listen',
  address: '::',
  port: 8100 }
[2018-05-06T11:49:36.824] [INFO] default - Error: listen EADDRINUSE :::8100
    at Object._errnoException (util.js:1022:11)
    at _exceptionWithHostPort (util.js:1044:20)
    at Server.setupListenHandle [as _listen2] (net.js:1367:14)
    at listenInCluster (net.js:1408:12)
    at Server.listen (net.js:1492:7)
    at new WebSocketServer (/Users/necis/Learning/pk-server/node_modules/ws/lib/websocket-server.js:68:20)
    at Object.<anonymous> (/Users/necis/Learning/pk-server/modules/listen.js:34:8)
    at Module._compile (module.js:652:30)
    at Object.Module._extensions..js (module.js:663:10)
    at Module.load (module.js:565:32)
[2018-05-06T11:50:12.684] [INFO] default - TypeError: Cannot read property 'hasOwnProperty' of undefined
    at Object.add (/Users/necis/Learning/pk-server/modules/mq.js:20:13)
    at WebSocketServer.connection (/Users/necis/Learning/pk-server/app.js:21:8)
    at WebSocketServer.emit (events.js:187:15)
    at handleUpgrade (/Users/necis/Learning/pk-server/node_modules/ws/lib/websocket-server.js:79:18)
    at WebSocketServer.completeUpgrade (/Users/necis/Learning/pk-server/node_modules/ws/lib/websocket-server.js:293:5)
    at WebSocketServer.handleUpgrade (/Users/necis/Learning/pk-server/node_modules/ws/lib/websocket-server.js:218:10)
    at Server.upgrade (/Users/necis/Learning/pk-server/node_modules/ws/lib/websocket-server.js:78:16)
    at Server.emit (events.js:182:13)
    at onParserExecuteCommon (_http_server.js:534:14)
    at onParserExecute (_http_server.js:481:3)
[2018-05-06T11:50:12.684] [INFO] default - TypeError: Cannot read property 'hasOwnProperty' of undefined
    at Object.add (/Users/necis/Learning/pk-server/modules/mq.js:20:13)
    at WebSocketServer.connection (/Users/necis/Learning/pk-server/app.js:21:8)
    at WebSocketServer.emit (events.js:187:15)
    at handleUpgrade (/Users/necis/Learning/pk-server/node_modules/ws/lib/websocket-server.js:79:18)
    at WebSocketServer.completeUpgrade (/Users/necis/Learning/pk-server/node_modules/ws/lib/websocket-server.js:293:5)
    at WebSocketServer.handleUpgrade (/Users/necis/Learning/pk-server/node_modules/ws/lib/websocket-server.js:218:10)
    at Server.upgrade (/Users/necis/Learning/pk-server/node_modules/ws/lib/websocket-server.js:78:16)
    at Server.emit (events.js:182:13)
    at onParserExecuteCommon (_http_server.js:534:14)
    at onParserExecute (_http_server.js:481:3)
[2018-05-06T11:56:52.940] [INFO] default - TypeError: Cannot read property 'hasOwnProperty' of undefined
    at Object.add (/Users/necis/Learning/pk-server/modules/mq.js:20:13)
    at WebSocketServer.connection (/Users/necis/Learning/pk-server/app.js:21:8)
    at WebSocketServer.emit (events.js:187:15)
    at handleUpgrade (/Users/necis/Learning/pk-server/node_modules/ws/lib/websocket-server.js:79:18)
    at WebSocketServer.completeUpgrade (/Users/necis/Learning/pk-server/node_modules/ws/lib/websocket-server.js:293:5)
    at WebSocketServer.handleUpgrade (/Users/necis/Learning/pk-server/node_modules/ws/lib/websocket-server.js:218:10)
    at Server.upgrade (/Users/necis/Learning/pk-server/node_modules/ws/lib/websocket-server.js:78:16)
    at Server.emit (events.js:182:13)
    at onParserExecuteCommon (_http_server.js:534:14)
    at onParserExecute (_http_server.js:481:3)
[2018-05-06T11:56:52.941] [INFO] default - TypeError: Cannot read property 'hasOwnProperty' of undefined
    at Object.add (/Users/necis/Learning/pk-server/modules/mq.js:20:13)
    at WebSocketServer.connection (/Users/necis/Learning/pk-server/app.js:21:8)
    at WebSocketServer.emit (events.js:187:15)
    at handleUpgrade (/Users/necis/Learning/pk-server/node_modules/ws/lib/websocket-server.js:79:18)
    at WebSocketServer.completeUpgrade (/Users/necis/Learning/pk-server/node_modules/ws/lib/websocket-server.js:293:5)
    at WebSocketServer.handleUpgrade (/Users/necis/Learning/pk-server/node_modules/ws/lib/websocket-server.js:218:10)
    at Server.upgrade (/Users/necis/Learning/pk-server/node_modules/ws/lib/websocket-server.js:78:16)
    at Server.emit (events.js:182:13)
    at onParserExecuteCommon (_http_server.js:534:14)
    at onParserExecute (_http_server.js:481:3)
