[2018-05-05T10:44:20.798] [INFO] default - { Error: listen EADDRINUSE :::8100
    at Server.setupListenHandle [as _listen2] (net.js:1330:14)
    at listenInCluster (net.js:1378:12)
    at Server.listen (net.js:1466:7)
    at Object.<anonymous> (/Users/necis/Learning/pk-server/modules/listen.js:28:21)
    at Module._compile (internal/modules/cjs/loader.js:678:30)
    at Object.Module._extensions..js (internal/modules/cjs/loader.js:689:10)
    at Module.load (internal/modules/cjs/loader.js:589:32)
    at tryModuleLoad (internal/modules/cjs/loader.js:528:12)
    at Function.Module._load (internal/modules/cjs/loader.js:520:3)
    at Module.require (internal/modules/cjs/loader.js:626:17)
  errno: 'EADDRINUSE',
  code: 'EADDRINUSE',
  syscall: 'listen',
  address: '::',
  port: 8100 }
[2018-05-05T10:44:20.805] [INFO] default - Error: listen EADDRINUSE :::8100
    at Server.setupListenHandle [as _listen2] (net.js:1330:14)
    at listenInCluster (net.js:1378:12)
    at Server.listen (net.js:1466:7)
    at Object.<anonymous> (/Users/necis/Learning/pk-server/modules/listen.js:28:21)
    at Module._compile (internal/modules/cjs/loader.js:678:30)
    at Object.Module._extensions..js (internal/modules/cjs/loader.js:689:10)
    at Module.load (internal/modules/cjs/loader.js:589:32)
    at tryModuleLoad (internal/modules/cjs/loader.js:528:12)
    at Function.Module._load (internal/modules/cjs/loader.js:520:3)
    at Module.require (internal/modules/cjs/loader.js:626:17)
[2018-05-05T10:57:25.771] [INFO] default - TypeError: Cannot read property 'hasOwnProperty' of undefined
    at Object.add (/Users/necis/Learning/pk-server/modules/mq.js:20:13)
    at WebSocketServer.connection (/Users/necis/Learning/pk-server/app.js:21:8)
    at WebSocketServer.emit (events.js:187:15)
    at handleUpgrade (/Users/necis/Learning/pk-server/node_modules/ws/lib/websocket-server.js:79:18)
    at WebSocketServer.completeUpgrade (/Users/necis/Learning/pk-server/node_modules/ws/lib/websocket-server.js:293:5)
    at WebSocketServer.handleUpgrade (/Users/necis/Learning/pk-server/node_modules/ws/lib/websocket-server.js:218:10)
    at Server.upgrade (/Users/necis/Learning/pk-server/node_modules/ws/lib/websocket-server.js:78:16)
    at Server.emit (events.js:182:13)
    at onParserExecuteCommon (_http_server.js:534:14)
    at onParserExecute (_http_server.js:481:3)
[2018-05-05T10:57:25.772] [INFO] default - TypeError: Cannot read property 'hasOwnProperty' of undefined
    at Object.add (/Users/necis/Learning/pk-server/modules/mq.js:20:13)
    at WebSocketServer.connection (/Users/necis/Learning/pk-server/app.js:21:8)
    at WebSocketServer.emit (events.js:187:15)
    at handleUpgrade (/Users/necis/Learning/pk-server/node_modules/ws/lib/websocket-server.js:79:18)
    at WebSocketServer.completeUpgrade (/Users/necis/Learning/pk-server/node_modules/ws/lib/websocket-server.js:293:5)
    at WebSocketServer.handleUpgrade (/Users/necis/Learning/pk-server/node_modules/ws/lib/websocket-server.js:218:10)
    at Server.upgrade (/Users/necis/Learning/pk-server/node_modules/ws/lib/websocket-server.js:78:16)
    at Server.emit (events.js:182:13)
    at onParserExecuteCommon (_http_server.js:534:14)
    at onParserExecute (_http_server.js:481:3)
[2018-05-05T10:59:05.873] [INFO] default - TypeError: Cannot read property 'hasOwnProperty' of undefined
    at Object.add (/Users/necis/Learning/pk-server/modules/mq.js:20:13)
    at WebSocketServer.connection (/Users/necis/Learning/pk-server/app.js:21:8)
    at WebSocketServer.emit (events.js:187:15)
    at handleUpgrade (/Users/necis/Learning/pk-server/node_modules/ws/lib/websocket-server.js:79:18)
    at WebSocketServer.completeUpgrade (/Users/necis/Learning/pk-server/node_modules/ws/lib/websocket-server.js:293:5)
    at WebSocketServer.handleUpgrade (/Users/necis/Learning/pk-server/node_modules/ws/lib/websocket-server.js:218:10)
    at Server.upgrade (/Users/necis/Learning/pk-server/node_modules/ws/lib/websocket-server.js:78:16)
    at Server.emit (events.js:182:13)
    at onParserExecuteCommon (_http_server.js:534:14)
    at onParserExecute (_http_server.js:481:3)
[2018-05-05T10:59:05.873] [INFO] default - TypeError: Cannot read property 'hasOwnProperty' of undefined
    at Object.add (/Users/necis/Learning/pk-server/modules/mq.js:20:13)
    at WebSocketServer.connection (/Users/necis/Learning/pk-server/app.js:21:8)
    at WebSocketServer.emit (events.js:187:15)
    at handleUpgrade (/Users/necis/Learning/pk-server/node_modules/ws/lib/websocket-server.js:79:18)
    at WebSocketServer.completeUpgrade (/Users/necis/Learning/pk-server/node_modules/ws/lib/websocket-server.js:293:5)
    at WebSocketServer.handleUpgrade (/Users/necis/Learning/pk-server/node_modules/ws/lib/websocket-server.js:218:10)
    at Server.upgrade (/Users/necis/Learning/pk-server/node_modules/ws/lib/websocket-server.js:78:16)
    at Server.emit (events.js:182:13)
    at onParserExecuteCommon (_http_server.js:534:14)
    at onParserExecute (_http_server.js:481:3)
