[2018-05-03T22:04:37.394] [INFO] default - TypeError: Cannot read property 'indexOf' of undefined
    at Object.add (/Users/necis/Learning/pk-server/modules/mq.js:20:53)
    at WebSocketServer.connection (/Users/necis/Learning/pk-server/app.js:21:8)
    at WebSocketServer.emit (events.js:182:13)
    at handleUpgrade (/Users/necis/Learning/pk-server/node_modules/ws/lib/websocket-server.js:79:18)
    at WebSocketServer.completeUpgrade (/Users/necis/Learning/pk-server/node_modules/ws/lib/websocket-server.js:293:5)
    at WebSocketServer.handleUpgrade (/Users/necis/Learning/pk-server/node_modules/ws/lib/websocket-server.js:218:10)
    at Server.upgrade (/Users/necis/Learning/pk-server/node_modules/ws/lib/websocket-server.js:78:16)
    at Server.emit (events.js:182:13)
    at onParserExecuteCommon (_http_server.js:534:14)
    at onParserExecute (_http_server.js:481:3)
[2018-05-03T22:04:37.400] [INFO] default - TypeError: Cannot read property 'indexOf' of undefined
    at Object.add (/Users/necis/Learning/pk-server/modules/mq.js:20:53)
    at WebSocketServer.connection (/Users/necis/Learning/pk-server/app.js:21:8)
    at WebSocketServer.emit (events.js:182:13)
    at handleUpgrade (/Users/necis/Learning/pk-server/node_modules/ws/lib/websocket-server.js:79:18)
    at WebSocketServer.completeUpgrade (/Users/necis/Learning/pk-server/node_modules/ws/lib/websocket-server.js:293:5)
    at WebSocketServer.handleUpgrade (/Users/necis/Learning/pk-server/node_modules/ws/lib/websocket-server.js:218:10)
    at Server.upgrade (/Users/necis/Learning/pk-server/node_modules/ws/lib/websocket-server.js:78:16)
    at Server.emit (events.js:182:13)
    at onParserExecuteCommon (_http_server.js:534:14)
    at onParserExecute (_http_server.js:481:3)
[2018-05-03T22:06:10.248] [INFO] default - TypeError: Cannot read property 'hasOwnProperty' of undefined
    at Object.add (/Users/necis/Learning/pk-server/modules/mq.js:20:13)
    at WebSocketServer.connection (/Users/necis/Learning/pk-server/app.js:21:8)
    at WebSocketServer.emit (events.js:182:13)
    at handleUpgrade (/Users/necis/Learning/pk-server/node_modules/ws/lib/websocket-server.js:79:18)
    at WebSocketServer.completeUpgrade (/Users/necis/Learning/pk-server/node_modules/ws/lib/websocket-server.js:293:5)
    at WebSocketServer.handleUpgrade (/Users/necis/Learning/pk-server/node_modules/ws/lib/websocket-server.js:218:10)
    at Server.upgrade (/Users/necis/Learning/pk-server/node_modules/ws/lib/websocket-server.js:78:16)
    at Server.emit (events.js:182:13)
    at onParserExecuteCommon (_http_server.js:534:14)
    at onParserExecute (_http_server.js:481:3)
[2018-05-03T22:06:10.255] [INFO] default - TypeError: Cannot read property 'hasOwnProperty' of undefined
    at Object.add (/Users/necis/Learning/pk-server/modules/mq.js:20:13)
    at WebSocketServer.connection (/Users/necis/Learning/pk-server/app.js:21:8)
    at WebSocketServer.emit (events.js:182:13)
    at handleUpgrade (/Users/necis/Learning/pk-server/node_modules/ws/lib/websocket-server.js:79:18)
    at WebSocketServer.completeUpgrade (/Users/necis/Learning/pk-server/node_modules/ws/lib/websocket-server.js:293:5)
    at WebSocketServer.handleUpgrade (/Users/necis/Learning/pk-server/node_modules/ws/lib/websocket-server.js:218:10)
    at Server.upgrade (/Users/necis/Learning/pk-server/node_modules/ws/lib/websocket-server.js:78:16)
    at Server.emit (events.js:182:13)
    at onParserExecuteCommon (_http_server.js:534:14)
    at onParserExecute (_http_server.js:481:3)
[2018-05-03T22:07:06.779] [INFO] default - TypeError: Cannot read property 'hasOwnProperty' of undefined
    at Object.add (/Users/necis/Learning/pk-server/modules/mq.js:20:13)
    at WebSocketServer.connection (/Users/necis/Learning/pk-server/app.js:21:8)
    at WebSocketServer.emit (events.js:187:15)
    at handleUpgrade (/Users/necis/Learning/pk-server/node_modules/ws/lib/websocket-server.js:79:18)
    at WebSocketServer.completeUpgrade (/Users/necis/Learning/pk-server/node_modules/ws/lib/websocket-server.js:293:5)
    at WebSocketServer.handleUpgrade (/Users/necis/Learning/pk-server/node_modules/ws/lib/websocket-server.js:218:10)
    at Server.upgrade (/Users/necis/Learning/pk-server/node_modules/ws/lib/websocket-server.js:78:16)
    at Server.emit (events.js:182:13)
    at onParserExecuteCommon (_http_server.js:534:14)
    at onParserExecute (_http_server.js:481:3)
[2018-05-03T22:07:06.785] [INFO] default - TypeError: Cannot read property 'hasOwnProperty' of undefined
    at Object.add (/Users/necis/Learning/pk-server/modules/mq.js:20:13)
    at WebSocketServer.connection (/Users/necis/Learning/pk-server/app.js:21:8)
    at WebSocketServer.emit (events.js:187:15)
    at handleUpgrade (/Users/necis/Learning/pk-server/node_modules/ws/lib/websocket-server.js:79:18)
    at WebSocketServer.completeUpgrade (/Users/necis/Learning/pk-server/node_modules/ws/lib/websocket-server.js:293:5)
    at WebSocketServer.handleUpgrade (/Users/necis/Learning/pk-server/node_modules/ws/lib/websocket-server.js:218:10)
    at Server.upgrade (/Users/necis/Learning/pk-server/node_modules/ws/lib/websocket-server.js:78:16)
    at Server.emit (events.js:182:13)
    at onParserExecuteCommon (_http_server.js:534:14)
    at onParserExecute (_http_server.js:481:3)
